<?xml version="1.0" encoding="UTF-8"?>
<testng-results skipped="0" failed="0" total="2" passed="2">
  <reporter-output>
  </reporter-output>
  <suite name="TestCases.TestNG_TestCase" duration-ms="24592" started-at="2016-02-19T05:40:44Z" finished-at="2016-02-19T05:41:09Z">
    <groups>
    </groups>
    <test name="Command line test" duration-ms="24592" started-at="2016-02-19T05:40:44Z" finished-at="2016-02-19T05:41:09Z">
      <class name="TestCases.TestNG_TestCase">
        <test-method status="PASS" signature="beforeMethod()[pri:0, instance:TestCases.TestNG_TestCase@3f2a3a5]" name="beforeMethod" is-config="true" duration-ms="4753" started-at="2016-02-18T21:40:44Z" finished-at="2016-02-18T21:40:49Z">
          <reporter-output>
          </reporter-output>
        </test-method> <!-- beforeMethod -->
        <test-method status="PASS" signature="TestSearchTestCase()[pri:0, instance:TestCases.TestNG_TestCase@3f2a3a5]" name="TestSearchTestCase" duration-ms="7821" started-at="2016-02-18T21:40:49Z" finished-at="2016-02-18T21:40:57Z">
          <reporter-output>
          </reporter-output>
        </test-method> <!-- TestSearchTestCase -->
        <test-method status="PASS" signature="beforeMethod()[pri:0, instance:TestCases.TestNG_TestCase@3f2a3a5]" name="beforeMethod" is-config="true" duration-ms="3414" started-at="2016-02-18T21:40:57Z" finished-at="2016-02-18T21:41:00Z">
          <reporter-output>
          </reporter-output>
        </test-method> <!-- beforeMethod -->
        <test-method status="PASS" signature="afterMethod()[pri:0, instance:TestCases.TestNG_TestCase@3f2a3a5]" name="afterMethod" is-config="true" duration-ms="0" started-at="2016-02-18T21:40:57Z" finished-at="2016-02-18T21:40:57Z">
          <reporter-output>
          </reporter-output>
        </test-method> <!-- afterMethod -->
        <test-method status="PASS" signature="testSearch()[pri:0, instance:TestCases.TestNG_TestCase@3f2a3a5]" name="testSearch" duration-ms="8595" started-at="2016-02-18T21:41:00Z" finished-at="2016-02-18T21:41:09Z">
          <reporter-output>
          </reporter-output>
        </test-method> <!-- testSearch -->
        <test-method status="PASS" signature="afterMethod()[pri:0, instance:TestCases.TestNG_TestCase@3f2a3a5]" name="afterMethod" is-config="true" duration-ms="0" started-at="2016-02-18T21:41:09Z" finished-at="2016-02-18T21:41:09Z">
          <reporter-output>
          </reporter-output>
        </test-method> <!-- afterMethod -->
      </class> <!-- TestCases.TestNG_TestCase -->
    </test> <!-- Command line test -->
  </suite> <!-- TestCases.TestNG_TestCase -->
</testng-results>
