<?xml version="1.0" encoding="UTF-8"?>
<testng-results skipped="0" failed="0" total="1" passed="1">
  <reporter-output>
  </reporter-output>
  <suite name="TestSuite" duration-ms="12512" started-at="2016-02-17T06:58:14Z" finished-at="2016-02-17T06:58:27Z">
    <groups>
    </groups>
    <test name="ExpediaSearchPage" duration-ms="12512" started-at="2016-02-17T06:58:14Z" finished-at="2016-02-17T06:58:27Z">
      <class name="TestCases.TestNG_TestCase">
        <test-method status="PASS" signature="beforeMethod()[pri:0, instance:TestCases.TestNG_TestCase@7225790e]" name="beforeMethod" is-config="true" duration-ms="3976" started-at="2016-02-16T22:58:14Z" finished-at="2016-02-16T22:58:18Z">
          <reporter-output>
          </reporter-output>
        </test-method> <!-- beforeMethod -->
        <test-method status="PASS" signature="TestSearchTestCase()[pri:0, instance:TestCases.TestNG_TestCase@7225790e]" name="TestSearchTestCase" duration-ms="8523" started-at="2016-02-16T22:58:18Z" finished-at="2016-02-16T22:58:27Z">
          <reporter-output>
          </reporter-output>
        </test-method> <!-- TestSearchTestCase -->
        <test-method status="PASS" signature="afterMethod()[pri:0, instance:TestCases.TestNG_TestCase@7225790e]" name="afterMethod" is-config="true" duration-ms="0" started-at="2016-02-16T22:58:27Z" finished-at="2016-02-16T22:58:27Z">
          <reporter-output>
          </reporter-output>
        </test-method> <!-- afterMethod -->
      </class> <!-- TestCases.TestNG_TestCase -->
    </test> <!-- ExpediaSearchPage -->
  </suite> <!-- TestSuite -->
</testng-results>
